<?xml version="1.0" encoding="UTF-8"?>
<!-- Generated by org.testng.reporters.JUnitReportReporter -->
<testsuite skipped="0" hostname="DESKTOP-1DP07CK" name="com.takeaway.testcases.ListPositiveTestcases" tests="6" failures="0" timestamp="28 Jul 2020 21:55:59 GMT" time="9.010" errors="0">
  <testcase name="createList" time="0.602" classname="com.takeaway.testcases.ListPositiveTestcases"/>
  <testcase name="clearItemsFromList" time="1.829" classname="com.takeaway.testcases.ListPositiveTestcases"/>
  <testcase name="updateList" time="1.080" classname="com.takeaway.testcases.ListPositiveTestcases"/>
  <testcase name="addItemsToList" time="2.443" classname="com.takeaway.testcases.ListPositiveTestcases"/>
  <testcase name="updateItemsFromList" time="1.660" classname="com.takeaway.testcases.ListPositiveTestcases"/>
  <testcase name="deleteItemsFromList" time="1.396" classname="com.takeaway.testcases.ListPositiveTestcases"/>
</testsuite> <!-- com.takeaway.testcases.ListPositiveTestcases -->
