<?xml version="1.0" encoding="UTF-8"?>
<!-- Generated by org.testng.reporters.JUnitReportReporter -->
<testsuite skipped="0" hostname="DESKTOP-1DP07CK" name="com.takeaway.testcases.ListTests" tests="5" failures="0" timestamp="28 Jul 2020 14:41:47 GMT" time="8.726" errors="0">
  <testcase name="testDeleteItemsFromList" time="1.767" classname="com.takeaway.testcases.ListTests"/>
  <testcase name="testUpdateItemsFromList" time="1.787" classname="com.takeaway.testcases.ListTests"/>
  <testcase name="testClearItemsFromList" time="2.183" classname="com.takeaway.testcases.ListTests"/>
  <testcase name="testCreateList" time="1.989" classname="com.takeaway.testcases.ListTests"/>
  <testcase name="testUpdateList" time="1.000" classname="com.takeaway.testcases.ListTests"/>
</testsuite> <!-- com.takeaway.testcases.ListTests -->
