<?xml version="1.0" encoding="UTF-8"?>
<!-- Generated by org.testng.reporters.JUnitReportReporter -->
<testsuite skipped="0" hostname="DESKTOP-1DP07CK" name="com.takeaway.test.ListTests" tests="5" failures="1" timestamp="27 Jul 2020 16:15:46 GMT" time="6.151" errors="3">
  <testcase name="testCreateList" time="0.417" classname="com.takeaway.test.ListTests"/>
  <testcase name="testUpdateList" time="0.717" classname="com.takeaway.test.ListTests">
    <failure type="java.lang.AssertionError" message="expected [200] but found [403]">
      <![CDATA[java.lang.AssertionError: expected [200] but found [403]
at org.testng.Assert.fail(Assert.java:96)
at org.testng.Assert.failNotEquals(Assert.java:776)
at org.testng.Assert.assertEqualsImpl(Assert.java:137)
at org.testng.Assert.assertEquals(Assert.java:118)
at org.testng.Assert.assertEquals(Assert.java:652)
at org.testng.Assert.assertEquals(Assert.java:662)
at com.takeaway.client.ListServer.getList(ListServer.java:41)
at com.takeaway.test.ListTests.testUpdateList(ListTests.java:77)
at sun.reflect.NativeMethodAccessorImpl.invoke0(Native Method)
at sun.reflect.NativeMethodAccessorImpl.invoke(Unknown Source)
at sun.reflect.DelegatingMethodAccessorImpl.invoke(Unknown Source)
at java.lang.reflect.Method.invoke(Unknown Source)
at org.testng.internal.MethodInvocationHelper.invokeMethod(MethodInvocationHelper.java:124)
at org.testng.internal.Invoker.invokeMethod(Invoker.java:583)
at org.testng.internal.Invoker.invokeTestMethod(Invoker.java:719)
at org.testng.internal.Invoker.invokeTestMethods(Invoker.java:989)
at org.testng.internal.TestMethodWorker.invokeTestMethods(TestMethodWorker.java:125)
at org.testng.internal.TestMethodWorker.run(TestMethodWorker.java:109)
at java.util.concurrent.ThreadPoolExecutor.runWorker(Unknown Source)
at java.util.concurrent.ThreadPoolExecutor$Worker.run(Unknown Source)
at java.lang.Thread.run(Unknown Source)
]]>
    </failure>
  </testcase> <!-- testUpdateList -->
  <testcase name="testUpdateItemsFromList" time="1.715" classname="com.takeaway.test.ListTests">
    <error type="java.lang.IllegalStateException" message="Unexpected return code">
      <![CDATA[java.lang.IllegalStateException: Unexpected return code
at com.takeaway.client.ListServer.doesItemsExistsInList(ListServer.java:212)
at com.takeaway.test.ListTests.testAddItemsToList(ListTests.java:95)
at com.takeaway.test.ListTests.testUpdateItemsFromList(ListTests.java:105)
at sun.reflect.NativeMethodAccessorImpl.invoke0(Native Method)
at sun.reflect.NativeMethodAccessorImpl.invoke(Unknown Source)
at sun.reflect.DelegatingMethodAccessorImpl.invoke(Unknown Source)
at java.lang.reflect.Method.invoke(Unknown Source)
at org.testng.internal.MethodInvocationHelper.invokeMethod(MethodInvocationHelper.java:124)
at org.testng.internal.Invoker.invokeMethod(Invoker.java:583)
at org.testng.internal.Invoker.invokeTestMethod(Invoker.java:719)
at org.testng.internal.Invoker.invokeTestMethods(Invoker.java:989)
at org.testng.internal.TestMethodWorker.invokeTestMethods(TestMethodWorker.java:125)
at org.testng.internal.TestMethodWorker.run(TestMethodWorker.java:109)
at java.util.concurrent.ThreadPoolExecutor.runWorker(Unknown Source)
at java.util.concurrent.ThreadPoolExecutor$Worker.run(Unknown Source)
at java.lang.Thread.run(Unknown Source)
]]>
    </error>
  </testcase> <!-- testUpdateItemsFromList -->
  <testcase name="testClearItemsFromList" time="1.049" classname="com.takeaway.test.ListTests">
    <error type="java.lang.IllegalStateException" message="Unexpected return code">
      <![CDATA[java.lang.IllegalStateException: Unexpected return code
at com.takeaway.client.ListServer.doesItemsExistsInList(ListServer.java:212)
at com.takeaway.test.ListTests.testAddItemsToList(ListTests.java:95)
at com.takeaway.test.ListTests.testClearItemsFromList(ListTests.java:137)
at sun.reflect.NativeMethodAccessorImpl.invoke0(Native Method)
at sun.reflect.NativeMethodAccessorImpl.invoke(Unknown Source)
at sun.reflect.DelegatingMethodAccessorImpl.invoke(Unknown Source)
at java.lang.reflect.Method.invoke(Unknown Source)
at org.testng.internal.MethodInvocationHelper.invokeMethod(MethodInvocationHelper.java:124)
at org.testng.internal.Invoker.invokeMethod(Invoker.java:583)
at org.testng.internal.Invoker.invokeTestMethod(Invoker.java:719)
at org.testng.internal.Invoker.invokeTestMethods(Invoker.java:989)
at org.testng.internal.TestMethodWorker.invokeTestMethods(TestMethodWorker.java:125)
at org.testng.internal.TestMethodWorker.run(TestMethodWorker.java:109)
at java.util.concurrent.ThreadPoolExecutor.runWorker(Unknown Source)
at java.util.concurrent.ThreadPoolExecutor$Worker.run(Unknown Source)
at java.lang.Thread.run(Unknown Source)
]]>
    </error>
  </testcase> <!-- testClearItemsFromList -->
  <testcase name="testDeleteItemsFromList" time="2.253" classname="com.takeaway.test.ListTests">
    <error type="java.lang.IllegalStateException" message="Unexpected return code">
      <![CDATA[java.lang.IllegalStateException: Unexpected return code
at com.takeaway.client.ListServer.doesItemsExistsInList(ListServer.java:212)
at com.takeaway.test.ListTests.testAddItemsToList(ListTests.java:95)
at com.takeaway.test.ListTests.testDeleteItemsFromList(ListTests.java:121)
at sun.reflect.NativeMethodAccessorImpl.invoke0(Native Method)
at sun.reflect.NativeMethodAccessorImpl.invoke(Unknown Source)
at sun.reflect.DelegatingMethodAccessorImpl.invoke(Unknown Source)
at java.lang.reflect.Method.invoke(Unknown Source)
at org.testng.internal.MethodInvocationHelper.invokeMethod(MethodInvocationHelper.java:124)
at org.testng.internal.Invoker.invokeMethod(Invoker.java:583)
at org.testng.internal.Invoker.invokeTestMethod(Invoker.java:719)
at org.testng.internal.Invoker.invokeTestMethods(Invoker.java:989)
at org.testng.internal.TestMethodWorker.invokeTestMethods(TestMethodWorker.java:125)
at org.testng.internal.TestMethodWorker.run(TestMethodWorker.java:109)
at java.util.concurrent.ThreadPoolExecutor.runWorker(Unknown Source)
at java.util.concurrent.ThreadPoolExecutor$Worker.run(Unknown Source)
at java.lang.Thread.run(Unknown Source)
]]>
    </error>
  </testcase> <!-- testDeleteItemsFromList -->
</testsuite> <!-- com.takeaway.test.ListTests -->
