<?xml version="1.0" encoding="UTF-8"?>
<!-- Generated by org.testng.reporters.JUnitReportReporter -->
<testsuite skipped="0" hostname="DESKTOP-1DP07CK" name="com.takeaway.testcases.ListTestcase" tests="6" failures="0" timestamp="28 Jul 2020 20:46:55 GMT" time="9.167" errors="0">
  <testcase name="createList" time="0.616" classname="com.takeaway.testcases.ListTestcase"/>
  <testcase name="deleteItemsFromList" time="1.343" classname="com.takeaway.testcases.ListTestcase"/>
  <testcase name="updateList" time="1.052" classname="com.takeaway.testcases.ListTestcase"/>
  <testcase name="updateItemsFromList" time="1.608" classname="com.takeaway.testcases.ListTestcase"/>
  <testcase name="clearItemsFromList" time="2.146" classname="com.takeaway.testcases.ListTestcase"/>
  <testcase name="addItemsToList" time="2.402" classname="com.takeaway.testcases.ListTestcase"/>
</testsuite> <!-- com.takeaway.testcases.ListTestcase -->
