<?xml version="1.0" encoding="UTF-8"?>
<!-- Generated by org.testng.reporters.JUnitReportReporter -->
<testsuite skipped="0" hostname="DESKTOP-1DP07CK" name="com.takeaway.testcases.ListNegativeTestcases" tests="2" failures="0" timestamp="28 Jul 2020 21:55:59 GMT" time="1.649" errors="0">
  <testcase name="createListWithInvalidAccessToken" time="0.277" classname="com.takeaway.testcases.ListNegativeTestcases"/>
  <testcase name="addItemsToInvalidList" time="1.372" classname="com.takeaway.testcases.ListNegativeTestcases"/>
</testsuite> <!-- com.takeaway.testcases.ListNegativeTestcases -->
